[35m[1mScanning dependencies of target wall_follower[0m
[ 50%] [32mBuilding CXX object CMakeFiles/wall_follower.dir/src/wall_follower.cpp.o[0m
[100%] [32m[1mLinking CXX executable wall_follower[0m
[100%] Built target wall_follower
-- Install configuration: ""
-- Installing: /home/rsa/colcon_ws/src/wall_follower/install/wall_follower/lib/wall_follower/wall_follower
-- Set runtime path of "/home/rsa/colcon_ws/src/wall_follower/install/wall_follower/lib/wall_follower/wall_follower" to ""
-- Up-to-date: /home/rsa/colcon_ws/src/wall_follower/install/wall_follower/share/wall_follower//launch
-- Up-to-date: /home/rsa/colcon_ws/src/wall_follower/install/wall_follower/share/wall_follower//launch/wall_follower.launch.py
-- Up-to-date: /home/rsa/colcon_ws/src/wall_follower/install/wall_follower/include/
-- Up-to-date: /home/rsa/colcon_ws/src/wall_follower/install/wall_follower/include//wall_follower
-- Up-to-date: /home/rsa/colcon_ws/src/wall_follower/install/wall_follower/include//wall_follower/wall_follower.hpp
-- Up-to-date: /home/rsa/colcon_ws/src/wall_follower/install/wall_follower/share/wall_follower/environment/pythonpath.sh
-- Up-to-date: /home/rsa/colcon_ws/src/wall_follower/install/wall_follower/share/wall_follower/environment/pythonpath.dsv
-- Up-to-date: /home/rsa/colcon_ws/src/wall_follower/install/wall_follower/lib/python3.8/site-packages/wall_follower
-- Up-to-date: /home/rsa/colcon_ws/src/wall_follower/install/wall_follower/lib/python3.8/site-packages/wall_follower/landmark.py
-- Up-to-date: /home/rsa/colcon_ws/src/wall_follower/install/wall_follower/lib/python3.8/site-packages/wall_follower/__init__.py
Listing '/home/rsa/colcon_ws/src/wall_follower/install/wall_follower/lib/python3.8/site-packages/wall_follower'...
-- Up-to-date: /home/rsa/colcon_ws/src/wall_follower/install/wall_follower/lib/wall_follower/see_marker.py
-- Up-to-date: /home/rsa/colcon_ws/src/wall_follower/install/wall_follower/lib/wall_follower/point_transformer.py
-- Up-to-date: /home/rsa/colcon_ws/src/wall_follower/install/wall_follower/share/ament_index/resource_index/package_run_dependencies/wall_follower
-- Up-to-date: /home/rsa/colcon_ws/src/wall_follower/install/wall_follower/share/ament_index/resource_index/parent_prefix_path/wall_follower
-- Up-to-date: /home/rsa/colcon_ws/src/wall_follower/install/wall_follower/share/wall_follower/environment/ament_prefix_path.sh
-- Up-to-date: /home/rsa/colcon_ws/src/wall_follower/install/wall_follower/share/wall_follower/environment/ament_prefix_path.dsv
-- Up-to-date: /home/rsa/colcon_ws/src/wall_follower/install/wall_follower/share/wall_follower/environment/path.sh
-- Up-to-date: /home/rsa/colcon_ws/src/wall_follower/install/wall_follower/share/wall_follower/environment/path.dsv
-- Up-to-date: /home/rsa/colcon_ws/src/wall_follower/install/wall_follower/share/wall_follower/local_setup.bash
-- Up-to-date: /home/rsa/colcon_ws/src/wall_follower/install/wall_follower/share/wall_follower/local_setup.sh
-- Up-to-date: /home/rsa/colcon_ws/src/wall_follower/install/wall_follower/share/wall_follower/local_setup.zsh
-- Up-to-date: /home/rsa/colcon_ws/src/wall_follower/install/wall_follower/share/wall_follower/local_setup.dsv
-- Installing: /home/rsa/colcon_ws/src/wall_follower/install/wall_follower/share/wall_follower/package.dsv
-- Up-to-date: /home/rsa/colcon_ws/src/wall_follower/install/wall_follower/share/ament_index/resource_index/packages/wall_follower
-- Up-to-date: /home/rsa/colcon_ws/src/wall_follower/install/wall_follower/share/wall_follower/cmake/ament_cmake_export_include_directories-extras.cmake
-- Up-to-date: /home/rsa/colcon_ws/src/wall_follower/install/wall_follower/share/wall_follower/cmake/ament_cmake_export_dependencies-extras.cmake
-- Up-to-date: /home/rsa/colcon_ws/src/wall_follower/install/wall_follower/share/wall_follower/cmake/wall_followerConfig.cmake
-- Up-to-date: /home/rsa/colcon_ws/src/wall_follower/install/wall_follower/share/wall_follower/cmake/wall_followerConfig-version.cmake
-- Up-to-date: /home/rsa/colcon_ws/src/wall_follower/install/wall_follower/share/wall_follower/package.xml
