[0.273s] DEBUG:colcon:Command line arguments: ['/usr/bin/colcon', 'build']
[0.273s] DEBUG:colcon:Parsed command line arguments: Namespace(allow_overriding=[], ament_cmake_args=None, base_paths=['.'], build_base='build', catkin_cmake_args=None, catkin_skip_building_tests=False, cmake_args=None, cmake_clean_cache=False, cmake_clean_first=False, cmake_force_configure=False, cmake_target=None, cmake_target_skip_unavailable=False, continue_on_error=False, event_handlers=None, executor='parallel', ignore_user_meta=False, install_base='install', log_base=None, log_level=None, main=<bound method BuildVerb.main of <colcon_core.verb.build.BuildVerb object at 0x7fe94d2cfbb0>>, merge_install=False, metas=['./colcon.meta'], packages_above=None, packages_above_and_dependencies=None, packages_above_depth=None, packages_end=None, packages_ignore=None, packages_ignore_regex=None, packages_select=None, packages_select_build_failed=False, packages_select_by_dep=None, packages_select_regex=None, packages_select_test_failures=False, packages_skip=None, packages_skip_build_finished=False, packages_skip_by_dep=None, packages_skip_regex=None, packages_skip_test_passed=False, packages_skip_up_to=None, packages_start=None, packages_up_to=None, packages_up_to_regex=None, parallel_workers=4, paths=None, symlink_install=False, test_result_base=None, verb_extension=<colcon_core.verb.build.BuildVerb object at 0x7fe94d2cfbb0>, verb_name='build', verb_parser=<colcon_defaults.argument_parser.defaults.DefaultArgumentsDecorator object at 0x7fe94d2e1160>)
[0.517s] Level 1:colcon.colcon_core.package_discovery:discover_packages(colcon_meta) check parameters
[0.517s] Level 1:colcon.colcon_core.package_discovery:discover_packages(recursive) check parameters
[0.517s] Level 1:colcon.colcon_core.package_discovery:discover_packages(ignore) check parameters
[0.517s] Level 1:colcon.colcon_core.package_discovery:discover_packages(path) check parameters
[0.517s] Level 1:colcon.colcon_core.package_discovery:discover_packages(colcon_meta) discover
[0.517s] Level 1:colcon.colcon_core.package_discovery:discover_packages(recursive) discover
[0.517s] INFO:colcon.colcon_core.package_discovery:Crawling recursively for packages in '/home/rsa/colcon_ws/src/wall_follower'
[0.517s] Level 1:colcon.colcon_core.package_identification:_identify(.) by extensions ['ignore', 'ignore_ament_install']
[0.518s] Level 1:colcon.colcon_core.package_identification:_identify(.) by extension 'ignore'
[0.518s] Level 1:colcon.colcon_core.package_identification:_identify(.) by extension 'ignore_ament_install'
[0.518s] Level 1:colcon.colcon_core.package_identification:_identify(.) by extensions ['colcon_pkg']
[0.518s] Level 1:colcon.colcon_core.package_identification:_identify(.) by extension 'colcon_pkg'
[0.518s] Level 1:colcon.colcon_core.package_identification:_identify(.) by extensions ['colcon_meta']
[0.518s] Level 1:colcon.colcon_core.package_identification:_identify(.) by extension 'colcon_meta'
[0.518s] Level 1:colcon.colcon_core.package_identification:_identify(.) by extensions ['ros']
[0.518s] Level 1:colcon.colcon_core.package_identification:_identify(.) by extension 'ros'
[0.535s] DEBUG:colcon.colcon_core.package_identification:Package '.' with type 'ros.ament_cmake' and name 'wall_follower'
[0.535s] Level 1:colcon.colcon_core.package_discovery:discover_packages(recursive) using defaults
[0.536s] Level 1:colcon.colcon_core.package_discovery:discover_packages(ignore) discover
[0.536s] Level 1:colcon.colcon_core.package_discovery:discover_packages(ignore) using defaults
[0.536s] Level 1:colcon.colcon_core.package_discovery:discover_packages(path) discover
[0.536s] Level 1:colcon.colcon_core.package_discovery:discover_packages(path) using defaults
[0.557s] Level 1:colcon.colcon_core.package_discovery:discover_packages(prefix_path) check parameters
[0.557s] Level 1:colcon.colcon_core.package_discovery:discover_packages(prefix_path) discover
[0.560s] DEBUG:colcon.colcon_installed_package_information.package_discovery:Found 5 installed packages in /home/rsa/colcon_ws/install
[0.562s] DEBUG:colcon.colcon_installed_package_information.package_discovery:Found 334 installed packages in /opt/ros/foxy
[0.564s] Level 1:colcon.colcon_core.package_discovery:discover_packages(prefix_path) using defaults
[0.687s] Level 5:colcon.colcon_core.verb:set package 'wall_follower' build argument 'cmake_args' from command line to 'None'
[0.687s] Level 5:colcon.colcon_core.verb:set package 'wall_follower' build argument 'cmake_target' from command line to 'None'
[0.687s] Level 5:colcon.colcon_core.verb:set package 'wall_follower' build argument 'cmake_target_skip_unavailable' from command line to 'False'
[0.687s] Level 5:colcon.colcon_core.verb:set package 'wall_follower' build argument 'cmake_clean_cache' from command line to 'False'
[0.688s] Level 5:colcon.colcon_core.verb:set package 'wall_follower' build argument 'cmake_clean_first' from command line to 'False'
[0.688s] Level 5:colcon.colcon_core.verb:set package 'wall_follower' build argument 'cmake_force_configure' from command line to 'False'
[0.688s] Level 5:colcon.colcon_core.verb:set package 'wall_follower' build argument 'ament_cmake_args' from command line to 'None'
[0.688s] Level 5:colcon.colcon_core.verb:set package 'wall_follower' build argument 'catkin_cmake_args' from command line to 'None'
[0.688s] Level 5:colcon.colcon_core.verb:set package 'wall_follower' build argument 'catkin_skip_building_tests' from command line to 'False'
[0.688s] DEBUG:colcon.colcon_core.verb:Building package 'wall_follower' with the following arguments: {'ament_cmake_args': None, 'build_base': '/home/rsa/colcon_ws/src/wall_follower/build/wall_follower', 'catkin_cmake_args': None, 'catkin_skip_building_tests': False, 'cmake_args': None, 'cmake_clean_cache': False, 'cmake_clean_first': False, 'cmake_force_configure': False, 'cmake_target': None, 'cmake_target_skip_unavailable': False, 'install_base': '/home/rsa/colcon_ws/src/wall_follower/install/wall_follower', 'merge_install': False, 'path': '/home/rsa/colcon_ws/src/wall_follower', 'symlink_install': False, 'test_result_base': None}
[0.688s] INFO:colcon.colcon_core.executor:Executing jobs using 'parallel' executor
[0.690s] DEBUG:colcon.colcon_parallel_executor.executor.parallel:run_until_complete
[0.691s] INFO:colcon.colcon_ros.task.ament_cmake.build:Building ROS package in '/home/rsa/colcon_ws/src/wall_follower' with build type 'ament_cmake'
[0.691s] INFO:colcon.colcon_cmake.task.cmake.build:Building CMake package in '/home/rsa/colcon_ws/src/wall_follower'
[0.695s] INFO:colcon.colcon_core.plugin_system:Skipping extension 'colcon_core.shell.bat': Not used on non-Windows systems
[0.695s] INFO:colcon.colcon_core.shell:Skip shell extension 'powershell' for command environment: Not usable outside of PowerShell
[0.695s] DEBUG:colcon.colcon_core.shell:Skip shell extension 'dsv' for command environment
[0.746s] DEBUG:colcon.colcon_core.event_handler.log_command:Invoking command in '/home/rsa/colcon_ws/src/wall_follower/build/wall_follower': CMAKE_PREFIX_PATH=${CMAKE_PREFIX_PATH}:/opt/ros/foxy /usr/bin/cmake --build /home/rsa/colcon_ws/src/wall_follower/build/wall_follower -- -j4 -l4
[11.751s] DEBUG:colcon.colcon_core.event_handler.log_command:Invoked command in '/home/rsa/colcon_ws/src/wall_follower/build/wall_follower' returned '0': CMAKE_PREFIX_PATH=${CMAKE_PREFIX_PATH}:/opt/ros/foxy /usr/bin/cmake --build /home/rsa/colcon_ws/src/wall_follower/build/wall_follower -- -j4 -l4
[11.932s] DEBUG:colcon.colcon_core.event_handler.log_command:Invoking command in '/home/rsa/colcon_ws/src/wall_follower/build/wall_follower': CMAKE_PREFIX_PATH=${CMAKE_PREFIX_PATH}:/opt/ros/foxy /usr/bin/cmake --install /home/rsa/colcon_ws/src/wall_follower/build/wall_follower
[12.090s] Level 1:colcon.colcon_core.environment:create_environment_scripts_only(wall_follower)
[12.095s] DEBUG:colcon.colcon_core.event_handler.log_command:Invoked command in '/home/rsa/colcon_ws/src/wall_follower/build/wall_follower' returned '0': CMAKE_PREFIX_PATH=${CMAKE_PREFIX_PATH}:/opt/ros/foxy /usr/bin/cmake --install /home/rsa/colcon_ws/src/wall_follower/build/wall_follower
[12.104s] Level 1:colcon.colcon_core.environment:checking '/home/rsa/colcon_ws/src/wall_follower/install/wall_follower' for CMake module files
[12.107s] Level 1:colcon.colcon_core.environment:checking '/home/rsa/colcon_ws/src/wall_follower/install/wall_follower' for CMake config files
[12.108s] Level 1:colcon.colcon_core.shell:create_environment_hook('wall_follower', 'cmake_prefix_path')
[12.109s] INFO:colcon.colcon_core.shell:Creating environment hook '/home/rsa/colcon_ws/src/wall_follower/install/wall_follower/share/wall_follower/hook/cmake_prefix_path.ps1'
[12.114s] INFO:colcon.colcon_core.shell:Creating environment descriptor '/home/rsa/colcon_ws/src/wall_follower/install/wall_follower/share/wall_follower/hook/cmake_prefix_path.dsv'
[12.118s] INFO:colcon.colcon_core.shell:Creating environment hook '/home/rsa/colcon_ws/src/wall_follower/install/wall_follower/share/wall_follower/hook/cmake_prefix_path.sh'
[12.125s] Level 1:colcon.colcon_core.environment:checking '/home/rsa/colcon_ws/src/wall_follower/install/wall_follower/lib'
[12.126s] Level 1:colcon.colcon_core.environment:checking '/home/rsa/colcon_ws/src/wall_follower/install/wall_follower/bin'
[12.126s] Level 1:colcon.colcon_core.environment:checking '/home/rsa/colcon_ws/src/wall_follower/install/wall_follower/lib/pkgconfig/wall_follower.pc'
[12.127s] Level 1:colcon.colcon_core.environment:checking '/home/rsa/colcon_ws/src/wall_follower/install/wall_follower/lib/python3.8/site-packages'
[12.127s] Level 1:colcon.colcon_core.shell:create_environment_hook('wall_follower', 'pythonpath')
[12.128s] INFO:colcon.colcon_core.shell:Creating environment hook '/home/rsa/colcon_ws/src/wall_follower/install/wall_follower/share/wall_follower/hook/pythonpath.ps1'
[12.129s] INFO:colcon.colcon_core.shell:Creating environment descriptor '/home/rsa/colcon_ws/src/wall_follower/install/wall_follower/share/wall_follower/hook/pythonpath.dsv'
[12.131s] INFO:colcon.colcon_core.shell:Creating environment hook '/home/rsa/colcon_ws/src/wall_follower/install/wall_follower/share/wall_follower/hook/pythonpath.sh'
[12.133s] Level 1:colcon.colcon_core.environment:checking '/home/rsa/colcon_ws/src/wall_follower/install/wall_follower/bin'
[12.133s] INFO:colcon.colcon_core.shell:Creating package script '/home/rsa/colcon_ws/src/wall_follower/install/wall_follower/share/wall_follower/package.ps1'
[12.135s] INFO:colcon.colcon_core.shell:Creating package descriptor '/home/rsa/colcon_ws/src/wall_follower/install/wall_follower/share/wall_follower/package.dsv'
[12.136s] INFO:colcon.colcon_core.shell:Creating package script '/home/rsa/colcon_ws/src/wall_follower/install/wall_follower/share/wall_follower/package.sh'
[12.138s] INFO:colcon.colcon_core.shell:Creating package script '/home/rsa/colcon_ws/src/wall_follower/install/wall_follower/share/wall_follower/package.bash'
[12.140s] INFO:colcon.colcon_core.shell:Creating package script '/home/rsa/colcon_ws/src/wall_follower/install/wall_follower/share/wall_follower/package.zsh'
[12.141s] Level 1:colcon.colcon_core.environment:create_file_with_runtime_dependencies(/home/rsa/colcon_ws/src/wall_follower/install/wall_follower/share/colcon-core/packages/wall_follower)
[12.246s] Level 1:colcon.colcon_core.environment:create_environment_scripts_only(wall_follower)
[12.246s] Level 1:colcon.colcon_core.environment:checking '/home/rsa/colcon_ws/src/wall_follower/install/wall_follower' for CMake module files
[12.247s] Level 1:colcon.colcon_core.environment:checking '/home/rsa/colcon_ws/src/wall_follower/install/wall_follower' for CMake config files
[12.248s] Level 1:colcon.colcon_core.shell:create_environment_hook('wall_follower', 'cmake_prefix_path')
[12.249s] INFO:colcon.colcon_core.shell:Creating environment hook '/home/rsa/colcon_ws/src/wall_follower/install/wall_follower/share/wall_follower/hook/cmake_prefix_path.ps1'
[12.250s] INFO:colcon.colcon_core.shell:Creating environment descriptor '/home/rsa/colcon_ws/src/wall_follower/install/wall_follower/share/wall_follower/hook/cmake_prefix_path.dsv'
[12.251s] INFO:colcon.colcon_core.shell:Creating environment hook '/home/rsa/colcon_ws/src/wall_follower/install/wall_follower/share/wall_follower/hook/cmake_prefix_path.sh'
[12.253s] Level 1:colcon.colcon_core.environment:checking '/home/rsa/colcon_ws/src/wall_follower/install/wall_follower/lib'
[12.253s] Level 1:colcon.colcon_core.environment:checking '/home/rsa/colcon_ws/src/wall_follower/install/wall_follower/bin'
[12.253s] Level 1:colcon.colcon_core.environment:checking '/home/rsa/colcon_ws/src/wall_follower/install/wall_follower/lib/pkgconfig/wall_follower.pc'
[12.254s] Level 1:colcon.colcon_core.environment:checking '/home/rsa/colcon_ws/src/wall_follower/install/wall_follower/lib/python3.8/site-packages'
[12.254s] Level 1:colcon.colcon_core.shell:create_environment_hook('wall_follower', 'pythonpath')
[12.254s] INFO:colcon.colcon_core.shell:Creating environment hook '/home/rsa/colcon_ws/src/wall_follower/install/wall_follower/share/wall_follower/hook/pythonpath.ps1'
[12.255s] INFO:colcon.colcon_core.shell:Creating environment descriptor '/home/rsa/colcon_ws/src/wall_follower/install/wall_follower/share/wall_follower/hook/pythonpath.dsv'
[12.256s] INFO:colcon.colcon_core.shell:Creating environment hook '/home/rsa/colcon_ws/src/wall_follower/install/wall_follower/share/wall_follower/hook/pythonpath.sh'
[12.257s] Level 1:colcon.colcon_core.environment:checking '/home/rsa/colcon_ws/src/wall_follower/install/wall_follower/bin'
[12.258s] INFO:colcon.colcon_core.shell:Creating package script '/home/rsa/colcon_ws/src/wall_follower/install/wall_follower/share/wall_follower/package.ps1'
[12.258s] INFO:colcon.colcon_core.shell:Creating package descriptor '/home/rsa/colcon_ws/src/wall_follower/install/wall_follower/share/wall_follower/package.dsv'
[12.259s] INFO:colcon.colcon_core.shell:Creating package script '/home/rsa/colcon_ws/src/wall_follower/install/wall_follower/share/wall_follower/package.sh'
[12.261s] INFO:colcon.colcon_core.shell:Creating package script '/home/rsa/colcon_ws/src/wall_follower/install/wall_follower/share/wall_follower/package.bash'
[12.261s] INFO:colcon.colcon_core.shell:Creating package script '/home/rsa/colcon_ws/src/wall_follower/install/wall_follower/share/wall_follower/package.zsh'
[12.262s] Level 1:colcon.colcon_core.environment:create_file_with_runtime_dependencies(/home/rsa/colcon_ws/src/wall_follower/install/wall_follower/share/colcon-core/packages/wall_follower)
[12.263s] DEBUG:colcon.colcon_parallel_executor.executor.parallel:closing loop
[12.263s] DEBUG:colcon.colcon_parallel_executor.executor.parallel:loop closed
[12.263s] DEBUG:colcon.colcon_parallel_executor.executor.parallel:run_until_complete finished with '0'
[12.263s] DEBUG:colcon.colcon_core.event_reactor:joining thread
[12.282s] INFO:colcon.colcon_core.plugin_system:Skipping extension 'colcon_notification.desktop_notification.terminal_notifier': Not used on non-Darwin systems
[12.282s] INFO:colcon.colcon_core.plugin_system:Skipping extension 'colcon_notification.desktop_notification.win32': Not used on non-Windows systems
[12.282s] INFO:colcon.colcon_notification.desktop_notification:Sending desktop notification using 'notify2'
[12.321s] DEBUG:colcon.colcon_core.event_reactor:joined thread
[12.322s] INFO:colcon.colcon_core.shell:Creating prefix script '/home/rsa/colcon_ws/src/wall_follower/install/local_setup.ps1'
[12.325s] INFO:colcon.colcon_core.shell:Creating prefix util module '/home/rsa/colcon_ws/src/wall_follower/install/_local_setup_util_ps1.py'
[12.327s] INFO:colcon.colcon_core.shell:Creating prefix chain script '/home/rsa/colcon_ws/src/wall_follower/install/setup.ps1'
[12.330s] INFO:colcon.colcon_core.shell:Creating prefix script '/home/rsa/colcon_ws/src/wall_follower/install/local_setup.sh'
[12.331s] INFO:colcon.colcon_core.shell:Creating prefix util module '/home/rsa/colcon_ws/src/wall_follower/install/_local_setup_util_sh.py'
[12.332s] INFO:colcon.colcon_core.shell:Creating prefix chain script '/home/rsa/colcon_ws/src/wall_follower/install/setup.sh'
[12.334s] INFO:colcon.colcon_core.shell:Creating prefix script '/home/rsa/colcon_ws/src/wall_follower/install/local_setup.bash'
[12.335s] INFO:colcon.colcon_core.shell:Creating prefix chain script '/home/rsa/colcon_ws/src/wall_follower/install/setup.bash'
[12.338s] INFO:colcon.colcon_core.shell:Creating prefix script '/home/rsa/colcon_ws/src/wall_follower/install/local_setup.zsh'
[12.340s] INFO:colcon.colcon_core.shell:Creating prefix chain script '/home/rsa/colcon_ws/src/wall_follower/install/setup.zsh'
