-- The C compiler identification is GNU 9.4.0
-- The CXX compiler identification is GNU 9.4.0
-- Check for working C compiler: /usr/bin/cc
-- Check for working C compiler: /usr/bin/cc -- works
-- Detecting C compiler ABI info
-- Detecting C compiler ABI info - done
-- Detecting C compile features
-- Detecting C compile features - done
-- Check for working CXX compiler: /usr/bin/c++
-- Check for working CXX compiler: /usr/bin/c++ -- works
-- Detecting CXX compiler ABI info
-- Detecting CXX compiler ABI info - done
-- Detecting CXX compile features
-- Detecting CXX compile features - done
-- Found ament_cmake: 0.9.12 (/opt/ros/foxy/share/ament_cmake/cmake)
-- Found PythonInterp: /usr/bin/python3 (found suitable version "3.8.10", minimum required is "3") 
-- Using PYTHON_EXECUTABLE: /usr/bin/python3
-- Found rclcpp: 2.4.3 (/opt/ros/foxy/share/rclcpp/cmake)
-- Using all available rosidl_typesupport_c: rosidl_typesupport_fastrtps_c;rosidl_typesupport_introspection_c
-- Found rosidl_adapter: 1.3.1 (/opt/ros/foxy/share/rosidl_adapter/cmake)
-- Found OpenSSL: /usr/lib/x86_64-linux-gnu/libcrypto.so (found version "1.1.1f")  
-- Found FastRTPS: /opt/ros/foxy/include  
-- Using all available rosidl_typesupport_cpp: rosidl_typesupport_fastrtps_cpp;rosidl_typesupport_introspection_cpp
-- Found rmw_implementation_cmake: 1.0.4 (/opt/ros/foxy/share/rmw_implementation_cmake/cmake)
-- Using RMW implementation 'rmw_fastrtps_cpp' as default
-- Looking for pthread.h
-- Looking for pthread.h - found
-- Performing Test CMAKE_HAVE_LIBC_PTHREAD
-- Performing Test CMAKE_HAVE_LIBC_PTHREAD - Failed
-- Looking for pthread_create in pthreads
-- Looking for pthread_create in pthreads - not found
-- Looking for pthread_create in pthread
-- Looking for pthread_create in pthread - found
-- Found Threads: TRUE  
-- Found rclpy: 1.0.13 (/opt/ros/foxy/share/rclpy/cmake)
-- Found geometry_msgs: 2.0.5 (/opt/ros/foxy/share/geometry_msgs/cmake)
-- Found nav_msgs: 2.0.5 (/opt/ros/foxy/share/nav_msgs/cmake)
-- Found sensor_msgs: 2.0.5 (/opt/ros/foxy/share/sensor_msgs/cmake)
-- Found tf2: 0.13.14 (/opt/ros/foxy/share/tf2/cmake)
-- Configuring done
-- Generating done
-- Build files have been written to: /home/rsa/colcon_ws/src/wall_follower/build/wall_follower
[35m[1mScanning dependencies of target wall_follower[0m
[ 50%] [32mBuilding CXX object CMakeFiles/wall_follower.dir/src/wall_follower.cpp.o[0m
[100%] [32m[1mLinking CXX executable wall_follower[0m
[100%] Built target wall_follower
-- Install configuration: ""
-- Installing: /home/rsa/colcon_ws/src/wall_follower/install/wall_follower/lib/wall_follower/wall_follower
-- Set runtime path of "/home/rsa/colcon_ws/src/wall_follower/install/wall_follower/lib/wall_follower/wall_follower" to ""
-- Installing: /home/rsa/colcon_ws/src/wall_follower/install/wall_follower/share/wall_follower//launch
-- Installing: /home/rsa/colcon_ws/src/wall_follower/install/wall_follower/share/wall_follower//launch/wall_follower.launch.py
-- Installing: /home/rsa/colcon_ws/src/wall_follower/install/wall_follower/include/
-- Installing: /home/rsa/colcon_ws/src/wall_follower/install/wall_follower/include//wall_follower
-- Installing: /home/rsa/colcon_ws/src/wall_follower/install/wall_follower/include//wall_follower/wall_follower.hpp
-- Installing: /home/rsa/colcon_ws/src/wall_follower/install/wall_follower/share/wall_follower/environment/pythonpath.sh
-- Installing: /home/rsa/colcon_ws/src/wall_follower/install/wall_follower/share/wall_follower/environment/pythonpath.dsv
-- Installing: /home/rsa/colcon_ws/src/wall_follower/install/wall_follower/lib/python3.8/site-packages/wall_follower
-- Installing: /home/rsa/colcon_ws/src/wall_follower/install/wall_follower/lib/python3.8/site-packages/wall_follower/landmark.py
-- Installing: /home/rsa/colcon_ws/src/wall_follower/install/wall_follower/lib/python3.8/site-packages/wall_follower/__init__.py
Listing '/home/rsa/colcon_ws/src/wall_follower/install/wall_follower/lib/python3.8/site-packages/wall_follower'...
Compiling '/home/rsa/colcon_ws/src/wall_follower/install/wall_follower/lib/python3.8/site-packages/wall_follower/__init__.py'...
Compiling '/home/rsa/colcon_ws/src/wall_follower/install/wall_follower/lib/python3.8/site-packages/wall_follower/landmark.py'...
-- Installing: /home/rsa/colcon_ws/src/wall_follower/install/wall_follower/lib/wall_follower/see_marker.py
-- Installing: /home/rsa/colcon_ws/src/wall_follower/install/wall_follower/lib/wall_follower/point_transformer.py
-- Installing: /home/rsa/colcon_ws/src/wall_follower/install/wall_follower/share/ament_index/resource_index/package_run_dependencies/wall_follower
-- Installing: /home/rsa/colcon_ws/src/wall_follower/install/wall_follower/share/ament_index/resource_index/parent_prefix_path/wall_follower
-- Installing: /home/rsa/colcon_ws/src/wall_follower/install/wall_follower/share/wall_follower/environment/ament_prefix_path.sh
-- Installing: /home/rsa/colcon_ws/src/wall_follower/install/wall_follower/share/wall_follower/environment/ament_prefix_path.dsv
-- Installing: /home/rsa/colcon_ws/src/wall_follower/install/wall_follower/share/wall_follower/environment/path.sh
-- Installing: /home/rsa/colcon_ws/src/wall_follower/install/wall_follower/share/wall_follower/environment/path.dsv
-- Installing: /home/rsa/colcon_ws/src/wall_follower/install/wall_follower/share/wall_follower/local_setup.bash
-- Installing: /home/rsa/colcon_ws/src/wall_follower/install/wall_follower/share/wall_follower/local_setup.sh
-- Installing: /home/rsa/colcon_ws/src/wall_follower/install/wall_follower/share/wall_follower/local_setup.zsh
-- Installing: /home/rsa/colcon_ws/src/wall_follower/install/wall_follower/share/wall_follower/local_setup.dsv
-- Installing: /home/rsa/colcon_ws/src/wall_follower/install/wall_follower/share/wall_follower/package.dsv
-- Installing: /home/rsa/colcon_ws/src/wall_follower/install/wall_follower/share/ament_index/resource_index/packages/wall_follower
-- Installing: /home/rsa/colcon_ws/src/wall_follower/install/wall_follower/share/wall_follower/cmake/ament_cmake_export_include_directories-extras.cmake
-- Installing: /home/rsa/colcon_ws/src/wall_follower/install/wall_follower/share/wall_follower/cmake/ament_cmake_export_dependencies-extras.cmake
-- Installing: /home/rsa/colcon_ws/src/wall_follower/install/wall_follower/share/wall_follower/cmake/wall_followerConfig.cmake
-- Installing: /home/rsa/colcon_ws/src/wall_follower/install/wall_follower/share/wall_follower/cmake/wall_followerConfig-version.cmake
-- Installing: /home/rsa/colcon_ws/src/wall_follower/install/wall_follower/share/wall_follower/package.xml
